<?xml version="1.0" encoding="UTF-8"?>
<testsuite xmlns:xsi="http://www.w3.org/2001/XMLSchema-instance" xsi:noNamespaceSchemaLocation="https://maven.apache.org/surefire/maven-surefire-plugin/xsd/surefire-test-report.xsd" name="br.com.alura.monitoramento.MonitoramentoApplicationTests" time="0.211" tests="1" errors="1" skipped="0" failures="0">
  <properties>
    <property name="sun.desktop" value="gnome"/>
    <property name="awt.toolkit" value="sun.awt.X11.XToolkit"/>
    <property name="file.encoding.pkg" value="sun.io"/>
    <property name="java.specification.version" value="1.8"/>
    <property name="sun.cpu.isalist" value=""/>
    <property name="sun.jnu.encoding" value="UTF-8"/>
    <property name="java.class.path" value="/home/juliarocha/cursos/api-spring-boot/spring-boot-admin/target/test-classes:/home/juliarocha/cursos/api-spring-boot/spring-boot-admin/target/classes:/home/juliarocha/.m2/repository/org/springframework/boot/spring-boot-starter-web/2.1.4.RELEASE/spring-boot-starter-web-2.1.4.RELEASE.jar:/home/juliarocha/.m2/repository/org/springframework/boot/spring-boot-starter/2.1.4.RELEASE/spring-boot-starter-2.1.4.RELEASE.jar:/home/juliarocha/.m2/repository/org/springframework/boot/spring-boot/2.1.4.RELEASE/spring-boot-2.1.4.RELEASE.jar:/home/juliarocha/.m2/repository/org/springframework/boot/spring-boot-autoconfigure/2.1.4.RELEASE/spring-boot-autoconfigure-2.1.4.RELEASE.jar:/home/juliarocha/.m2/repository/org/springframework/boot/spring-boot-starter-logging/2.1.4.RELEASE/spring-boot-starter-logging-2.1.4.RELEASE.jar:/home/juliarocha/.m2/repository/ch/qos/logback/logback-classic/1.2.3/logback-classic-1.2.3.jar:/home/juliarocha/.m2/repository/ch/qos/logback/logback-core/1.2.3/logback-core-1.2.3.jar:/home/juliarocha/.m2/repository/org/apache/logging/log4j/log4j-to-slf4j/2.11.2/log4j-to-slf4j-2.11.2.jar:/home/juliarocha/.m2/repository/org/apache/logging/log4j/log4j-api/2.11.2/log4j-api-2.11.2.jar:/home/juliarocha/.m2/repository/org/slf4j/jul-to-slf4j/1.7.26/jul-to-slf4j-1.7.26.jar:/home/juliarocha/.m2/repository/javax/annotation/javax.annotation-api/1.3.2/javax.annotation-api-1.3.2.jar:/home/juliarocha/.m2/repository/org/yaml/snakeyaml/1.23/snakeyaml-1.23.jar:/home/juliarocha/.m2/repository/org/springframework/boot/spring-boot-starter-json/2.1.4.RELEASE/spring-boot-starter-json-2.1.4.RELEASE.jar:/home/juliarocha/.m2/repository/com/fasterxml/jackson/core/jackson-databind/2.9.8/jackson-databind-2.9.8.jar:/home/juliarocha/.m2/repository/com/fasterxml/jackson/core/jackson-annotations/2.9.0/jackson-annotations-2.9.0.jar:/home/juliarocha/.m2/repository/com/fasterxml/jackson/core/jackson-core/2.9.8/jackson-core-2.9.8.jar:/home/juliarocha/.m2/repository/com/fasterxml/jackson/datatype/jackson-datatype-jdk8/2.9.8/jackson-datatype-jdk8-2.9.8.jar:/home/juliarocha/.m2/repository/com/fasterxml/jackson/datatype/jackson-datatype-jsr310/2.9.8/jackson-datatype-jsr310-2.9.8.jar:/home/juliarocha/.m2/repository/com/fasterxml/jackson/module/jackson-module-parameter-names/2.9.8/jackson-module-parameter-names-2.9.8.jar:/home/juliarocha/.m2/repository/org/springframework/boot/spring-boot-starter-tomcat/2.1.4.RELEASE/spring-boot-starter-tomcat-2.1.4.RELEASE.jar:/home/juliarocha/.m2/repository/org/apache/tomcat/embed/tomcat-embed-core/9.0.17/tomcat-embed-core-9.0.17.jar:/home/juliarocha/.m2/repository/org/apache/tomcat/embed/tomcat-embed-el/9.0.17/tomcat-embed-el-9.0.17.jar:/home/juliarocha/.m2/repository/org/apache/tomcat/embed/tomcat-embed-websocket/9.0.17/tomcat-embed-websocket-9.0.17.jar:/home/juliarocha/.m2/repository/org/hibernate/validator/hibernate-validator/6.0.16.Final/hibernate-validator-6.0.16.Final.jar:/home/juliarocha/.m2/repository/javax/validation/validation-api/2.0.1.Final/validation-api-2.0.1.Final.jar:/home/juliarocha/.m2/repository/org/jboss/logging/jboss-logging/3.3.2.Final/jboss-logging-3.3.2.Final.jar:/home/juliarocha/.m2/repository/com/fasterxml/classmate/1.4.0/classmate-1.4.0.jar:/home/juliarocha/.m2/repository/org/springframework/spring-web/5.1.6.RELEASE/spring-web-5.1.6.RELEASE.jar:/home/juliarocha/.m2/repository/org/springframework/spring-beans/5.1.6.RELEASE/spring-beans-5.1.6.RELEASE.jar:/home/juliarocha/.m2/repository/org/springframework/spring-webmvc/5.1.6.RELEASE/spring-webmvc-5.1.6.RELEASE.jar:/home/juliarocha/.m2/repository/org/springframework/spring-aop/5.1.6.RELEASE/spring-aop-5.1.6.RELEASE.jar:/home/juliarocha/.m2/repository/org/springframework/spring-context/5.1.6.RELEASE/spring-context-5.1.6.RELEASE.jar:/home/juliarocha/.m2/repository/org/springframework/spring-expression/5.1.6.RELEASE/spring-expression-5.1.6.RELEASE.jar:/home/juliarocha/.m2/repository/de/codecentric/spring-boot-admin-starter-server/2.1.4/spring-boot-admin-starter-server-2.1.4.jar:/home/juliarocha/.m2/repository/de/codecentric/spring-boot-admin-server/2.1.4/spring-boot-admin-server-2.1.4.jar:/home/juliarocha/.m2/repository/org/springframework/boot/spring-boot-starter-webflux/2.1.4.RELEASE/spring-boot-starter-webflux-2.1.4.RELEASE.jar:/home/juliarocha/.m2/repository/org/springframework/boot/spring-boot-starter-reactor-netty/2.1.4.RELEASE/spring-boot-starter-reactor-netty-2.1.4.RELEASE.jar:/home/juliarocha/.m2/repository/io/projectreactor/netty/reactor-netty/0.8.6.RELEASE/reactor-netty-0.8.6.RELEASE.jar:/home/juliarocha/.m2/repository/io/netty/netty-codec-http/4.1.34.Final/netty-codec-http-4.1.34.Final.jar:/home/juliarocha/.m2/repository/io/netty/netty-common/4.1.34.Final/netty-common-4.1.34.Final.jar:/home/juliarocha/.m2/repository/io/netty/netty-buffer/4.1.34.Final/netty-buffer-4.1.34.Final.jar:/home/juliarocha/.m2/repository/io/netty/netty-transport/4.1.34.Final/netty-transport-4.1.34.Final.jar:/home/juliarocha/.m2/repository/io/netty/netty-resolver/4.1.34.Final/netty-resolver-4.1.34.Final.jar:/home/juliarocha/.m2/repository/io/netty/netty-codec/4.1.34.Final/netty-codec-4.1.34.Final.jar:/home/juliarocha/.m2/repository/io/netty/netty-codec-http2/4.1.34.Final/netty-codec-http2-4.1.34.Final.jar:/home/juliarocha/.m2/repository/io/netty/netty-handler/4.1.34.Final/netty-handler-4.1.34.Final.jar:/home/juliarocha/.m2/repository/io/netty/netty-handler-proxy/4.1.34.Final/netty-handler-proxy-4.1.34.Final.jar:/home/juliarocha/.m2/repository/io/netty/netty-codec-socks/4.1.34.Final/netty-codec-socks-4.1.34.Final.jar:/home/juliarocha/.m2/repository/io/netty/netty-transport-native-epoll/4.1.34.Final/netty-transport-native-epoll-4.1.34.Final-linux-x86_64.jar:/home/juliarocha/.m2/repository/io/netty/netty-transport-native-unix-common/4.1.34.Final/netty-transport-native-unix-common-4.1.34.Final.jar:/home/juliarocha/.m2/repository/org/springframework/spring-webflux/5.1.6.RELEASE/spring-webflux-5.1.6.RELEASE.jar:/home/juliarocha/.m2/repository/org/synchronoss/cloud/nio-multipart-parser/1.1.0/nio-multipart-parser-1.1.0.jar:/home/juliarocha/.m2/repository/org/synchronoss/cloud/nio-stream-storage/1.1.3/nio-stream-storage-1.1.3.jar:/home/juliarocha/.m2/repository/org/springframework/boot/spring-boot-starter-thymeleaf/2.1.4.RELEASE/spring-boot-starter-thymeleaf-2.1.4.RELEASE.jar:/home/juliarocha/.m2/repository/org/thymeleaf/thymeleaf-spring5/3.0.11.RELEASE/thymeleaf-spring5-3.0.11.RELEASE.jar:/home/juliarocha/.m2/repository/org/thymeleaf/thymeleaf/3.0.11.RELEASE/thymeleaf-3.0.11.RELEASE.jar:/home/juliarocha/.m2/repository/org/attoparser/attoparser/2.0.5.RELEASE/attoparser-2.0.5.RELEASE.jar:/home/juliarocha/.m2/repository/org/unbescape/unbescape/1.1.6.RELEASE/unbescape-1.1.6.RELEASE.jar:/home/juliarocha/.m2/repository/org/thymeleaf/extras/thymeleaf-extras-java8time/3.0.4.RELEASE/thymeleaf-extras-java8time-3.0.4.RELEASE.jar:/home/juliarocha/.m2/repository/org/springframework/boot/spring-boot-starter-actuator/2.1.4.RELEASE/spring-boot-starter-actuator-2.1.4.RELEASE.jar:/home/juliarocha/.m2/repository/org/springframework/boot/spring-boot-actuator-autoconfigure/2.1.4.RELEASE/spring-boot-actuator-autoconfigure-2.1.4.RELEASE.jar:/home/juliarocha/.m2/repository/org/springframework/boot/spring-boot-actuator/2.1.4.RELEASE/spring-boot-actuator-2.1.4.RELEASE.jar:/home/juliarocha/.m2/repository/io/micrometer/micrometer-core/1.1.4/micrometer-core-1.1.4.jar:/home/juliarocha/.m2/repository/org/hdrhistogram/HdrHistogram/2.1.9/HdrHistogram-2.1.9.jar:/home/juliarocha/.m2/repository/org/latencyutils/LatencyUtils/2.0.3/LatencyUtils-2.0.3.jar:/home/juliarocha/.m2/repository/io/projectreactor/addons/reactor-extra/3.2.2.RELEASE/reactor-extra-3.2.2.RELEASE.jar:/home/juliarocha/.m2/repository/io/projectreactor/reactor-core/3.2.8.RELEASE/reactor-core-3.2.8.RELEASE.jar:/home/juliarocha/.m2/repository/org/reactivestreams/reactive-streams/1.0.2/reactive-streams-1.0.2.jar:/home/juliarocha/.m2/repository/de/codecentric/spring-boot-admin-server-ui/2.1.4/spring-boot-admin-server-ui-2.1.4.jar:/home/juliarocha/.m2/repository/de/codecentric/spring-boot-admin-server-cloud/2.1.4/spring-boot-admin-server-cloud-2.1.4.jar:/home/juliarocha/.m2/repository/org/springframework/boot/spring-boot-starter-test/2.1.4.RELEASE/spring-boot-starter-test-2.1.4.RELEASE.jar:/home/juliarocha/.m2/repository/org/springframework/boot/spring-boot-test/2.1.4.RELEASE/spring-boot-test-2.1.4.RELEASE.jar:/home/juliarocha/.m2/repository/org/springframework/boot/spring-boot-test-autoconfigure/2.1.4.RELEASE/spring-boot-test-autoconfigure-2.1.4.RELEASE.jar:/home/juliarocha/.m2/repository/com/jayway/jsonpath/json-path/2.4.0/json-path-2.4.0.jar:/home/juliarocha/.m2/repository/net/minidev/json-smart/2.3/json-smart-2.3.jar:/home/juliarocha/.m2/repository/net/minidev/accessors-smart/1.2/accessors-smart-1.2.jar:/home/juliarocha/.m2/repository/org/ow2/asm/asm/5.0.4/asm-5.0.4.jar:/home/juliarocha/.m2/repository/org/slf4j/slf4j-api/1.7.26/slf4j-api-1.7.26.jar:/home/juliarocha/.m2/repository/junit/junit/4.12/junit-4.12.jar:/home/juliarocha/.m2/repository/org/assertj/assertj-core/3.11.1/assertj-core-3.11.1.jar:/home/juliarocha/.m2/repository/org/mockito/mockito-core/2.23.4/mockito-core-2.23.4.jar:/home/juliarocha/.m2/repository/net/bytebuddy/byte-buddy/1.9.12/byte-buddy-1.9.12.jar:/home/juliarocha/.m2/repository/net/bytebuddy/byte-buddy-agent/1.9.12/byte-buddy-agent-1.9.12.jar:/home/juliarocha/.m2/repository/org/objenesis/objenesis/2.6/objenesis-2.6.jar:/home/juliarocha/.m2/repository/org/hamcrest/hamcrest-core/1.3/hamcrest-core-1.3.jar:/home/juliarocha/.m2/repository/org/hamcrest/hamcrest-library/1.3/hamcrest-library-1.3.jar:/home/juliarocha/.m2/repository/org/skyscreamer/jsonassert/1.5.0/jsonassert-1.5.0.jar:/home/juliarocha/.m2/repository/com/vaadin/external/google/android-json/0.0.20131108.vaadin1/android-json-0.0.20131108.vaadin1.jar:/home/juliarocha/.m2/repository/org/springframework/spring-core/5.1.6.RELEASE/spring-core-5.1.6.RELEASE.jar:/home/juliarocha/.m2/repository/org/springframework/spring-jcl/5.1.6.RELEASE/spring-jcl-5.1.6.RELEASE.jar:/home/juliarocha/.m2/repository/org/springframework/spring-test/5.1.6.RELEASE/spring-test-5.1.6.RELEASE.jar:/home/juliarocha/.m2/repository/org/xmlunit/xmlunit-core/2.6.2/xmlunit-core-2.6.2.jar:"/>
    <property name="java.vm.vendor" value="Private Build"/>
    <property name="sun.arch.data.model" value="64"/>
    <property name="java.vendor.url" value="http://java.oracle.com/"/>
    <property name="user.timezone" value=""/>
    <property name="java.vm.specification.version" value="1.8"/>
    <property name="os.name" value="Linux"/>
    <property name="user.country" value="BR"/>
    <property name="sun.java.launcher" value="SUN_STANDARD"/>
    <property name="sun.boot.library.path" value="/usr/lib/jvm/java-8-openjdk-amd64/jre/lib/amd64"/>
    <property name="sun.java.command" value="/home/juliarocha/cursos/api-spring-boot/spring-boot-admin/target/surefire/surefirebooter3283933847360973597.jar /home/juliarocha/cursos/api-spring-boot/spring-boot-admin/target/surefire 2021-07-06T14-06-05_643-jvmRun1 surefire7506875511951281243tmp surefire_03452026486295052816tmp"/>
    <property name="surefire.test.class.path" value="/home/juliarocha/cursos/api-spring-boot/spring-boot-admin/target/test-classes:/home/juliarocha/cursos/api-spring-boot/spring-boot-admin/target/classes:/home/juliarocha/.m2/repository/org/springframework/boot/spring-boot-starter-web/2.1.4.RELEASE/spring-boot-starter-web-2.1.4.RELEASE.jar:/home/juliarocha/.m2/repository/org/springframework/boot/spring-boot-starter/2.1.4.RELEASE/spring-boot-starter-2.1.4.RELEASE.jar:/home/juliarocha/.m2/repository/org/springframework/boot/spring-boot/2.1.4.RELEASE/spring-boot-2.1.4.RELEASE.jar:/home/juliarocha/.m2/repository/org/springframework/boot/spring-boot-autoconfigure/2.1.4.RELEASE/spring-boot-autoconfigure-2.1.4.RELEASE.jar:/home/juliarocha/.m2/repository/org/springframework/boot/spring-boot-starter-logging/2.1.4.RELEASE/spring-boot-starter-logging-2.1.4.RELEASE.jar:/home/juliarocha/.m2/repository/ch/qos/logback/logback-classic/1.2.3/logback-classic-1.2.3.jar:/home/juliarocha/.m2/repository/ch/qos/logback/logback-core/1.2.3/logback-core-1.2.3.jar:/home/juliarocha/.m2/repository/org/apache/logging/log4j/log4j-to-slf4j/2.11.2/log4j-to-slf4j-2.11.2.jar:/home/juliarocha/.m2/repository/org/apache/logging/log4j/log4j-api/2.11.2/log4j-api-2.11.2.jar:/home/juliarocha/.m2/repository/org/slf4j/jul-to-slf4j/1.7.26/jul-to-slf4j-1.7.26.jar:/home/juliarocha/.m2/repository/javax/annotation/javax.annotation-api/1.3.2/javax.annotation-api-1.3.2.jar:/home/juliarocha/.m2/repository/org/yaml/snakeyaml/1.23/snakeyaml-1.23.jar:/home/juliarocha/.m2/repository/org/springframework/boot/spring-boot-starter-json/2.1.4.RELEASE/spring-boot-starter-json-2.1.4.RELEASE.jar:/home/juliarocha/.m2/repository/com/fasterxml/jackson/core/jackson-databind/2.9.8/jackson-databind-2.9.8.jar:/home/juliarocha/.m2/repository/com/fasterxml/jackson/core/jackson-annotations/2.9.0/jackson-annotations-2.9.0.jar:/home/juliarocha/.m2/repository/com/fasterxml/jackson/core/jackson-core/2.9.8/jackson-core-2.9.8.jar:/home/juliarocha/.m2/repository/com/fasterxml/jackson/datatype/jackson-datatype-jdk8/2.9.8/jackson-datatype-jdk8-2.9.8.jar:/home/juliarocha/.m2/repository/com/fasterxml/jackson/datatype/jackson-datatype-jsr310/2.9.8/jackson-datatype-jsr310-2.9.8.jar:/home/juliarocha/.m2/repository/com/fasterxml/jackson/module/jackson-module-parameter-names/2.9.8/jackson-module-parameter-names-2.9.8.jar:/home/juliarocha/.m2/repository/org/springframework/boot/spring-boot-starter-tomcat/2.1.4.RELEASE/spring-boot-starter-tomcat-2.1.4.RELEASE.jar:/home/juliarocha/.m2/repository/org/apache/tomcat/embed/tomcat-embed-core/9.0.17/tomcat-embed-core-9.0.17.jar:/home/juliarocha/.m2/repository/org/apache/tomcat/embed/tomcat-embed-el/9.0.17/tomcat-embed-el-9.0.17.jar:/home/juliarocha/.m2/repository/org/apache/tomcat/embed/tomcat-embed-websocket/9.0.17/tomcat-embed-websocket-9.0.17.jar:/home/juliarocha/.m2/repository/org/hibernate/validator/hibernate-validator/6.0.16.Final/hibernate-validator-6.0.16.Final.jar:/home/juliarocha/.m2/repository/javax/validation/validation-api/2.0.1.Final/validation-api-2.0.1.Final.jar:/home/juliarocha/.m2/repository/org/jboss/logging/jboss-logging/3.3.2.Final/jboss-logging-3.3.2.Final.jar:/home/juliarocha/.m2/repository/com/fasterxml/classmate/1.4.0/classmate-1.4.0.jar:/home/juliarocha/.m2/repository/org/springframework/spring-web/5.1.6.RELEASE/spring-web-5.1.6.RELEASE.jar:/home/juliarocha/.m2/repository/org/springframework/spring-beans/5.1.6.RELEASE/spring-beans-5.1.6.RELEASE.jar:/home/juliarocha/.m2/repository/org/springframework/spring-webmvc/5.1.6.RELEASE/spring-webmvc-5.1.6.RELEASE.jar:/home/juliarocha/.m2/repository/org/springframework/spring-aop/5.1.6.RELEASE/spring-aop-5.1.6.RELEASE.jar:/home/juliarocha/.m2/repository/org/springframework/spring-context/5.1.6.RELEASE/spring-context-5.1.6.RELEASE.jar:/home/juliarocha/.m2/repository/org/springframework/spring-expression/5.1.6.RELEASE/spring-expression-5.1.6.RELEASE.jar:/home/juliarocha/.m2/repository/de/codecentric/spring-boot-admin-starter-server/2.1.4/spring-boot-admin-starter-server-2.1.4.jar:/home/juliarocha/.m2/repository/de/codecentric/spring-boot-admin-server/2.1.4/spring-boot-admin-server-2.1.4.jar:/home/juliarocha/.m2/repository/org/springframework/boot/spring-boot-starter-webflux/2.1.4.RELEASE/spring-boot-starter-webflux-2.1.4.RELEASE.jar:/home/juliarocha/.m2/repository/org/springframework/boot/spring-boot-starter-reactor-netty/2.1.4.RELEASE/spring-boot-starter-reactor-netty-2.1.4.RELEASE.jar:/home/juliarocha/.m2/repository/io/projectreactor/netty/reactor-netty/0.8.6.RELEASE/reactor-netty-0.8.6.RELEASE.jar:/home/juliarocha/.m2/repository/io/netty/netty-codec-http/4.1.34.Final/netty-codec-http-4.1.34.Final.jar:/home/juliarocha/.m2/repository/io/netty/netty-common/4.1.34.Final/netty-common-4.1.34.Final.jar:/home/juliarocha/.m2/repository/io/netty/netty-buffer/4.1.34.Final/netty-buffer-4.1.34.Final.jar:/home/juliarocha/.m2/repository/io/netty/netty-transport/4.1.34.Final/netty-transport-4.1.34.Final.jar:/home/juliarocha/.m2/repository/io/netty/netty-resolver/4.1.34.Final/netty-resolver-4.1.34.Final.jar:/home/juliarocha/.m2/repository/io/netty/netty-codec/4.1.34.Final/netty-codec-4.1.34.Final.jar:/home/juliarocha/.m2/repository/io/netty/netty-codec-http2/4.1.34.Final/netty-codec-http2-4.1.34.Final.jar:/home/juliarocha/.m2/repository/io/netty/netty-handler/4.1.34.Final/netty-handler-4.1.34.Final.jar:/home/juliarocha/.m2/repository/io/netty/netty-handler-proxy/4.1.34.Final/netty-handler-proxy-4.1.34.Final.jar:/home/juliarocha/.m2/repository/io/netty/netty-codec-socks/4.1.34.Final/netty-codec-socks-4.1.34.Final.jar:/home/juliarocha/.m2/repository/io/netty/netty-transport-native-epoll/4.1.34.Final/netty-transport-native-epoll-4.1.34.Final-linux-x86_64.jar:/home/juliarocha/.m2/repository/io/netty/netty-transport-native-unix-common/4.1.34.Final/netty-transport-native-unix-common-4.1.34.Final.jar:/home/juliarocha/.m2/repository/org/springframework/spring-webflux/5.1.6.RELEASE/spring-webflux-5.1.6.RELEASE.jar:/home/juliarocha/.m2/repository/org/synchronoss/cloud/nio-multipart-parser/1.1.0/nio-multipart-parser-1.1.0.jar:/home/juliarocha/.m2/repository/org/synchronoss/cloud/nio-stream-storage/1.1.3/nio-stream-storage-1.1.3.jar:/home/juliarocha/.m2/repository/org/springframework/boot/spring-boot-starter-thymeleaf/2.1.4.RELEASE/spring-boot-starter-thymeleaf-2.1.4.RELEASE.jar:/home/juliarocha/.m2/repository/org/thymeleaf/thymeleaf-spring5/3.0.11.RELEASE/thymeleaf-spring5-3.0.11.RELEASE.jar:/home/juliarocha/.m2/repository/org/thymeleaf/thymeleaf/3.0.11.RELEASE/thymeleaf-3.0.11.RELEASE.jar:/home/juliarocha/.m2/repository/org/attoparser/attoparser/2.0.5.RELEASE/attoparser-2.0.5.RELEASE.jar:/home/juliarocha/.m2/repository/org/unbescape/unbescape/1.1.6.RELEASE/unbescape-1.1.6.RELEASE.jar:/home/juliarocha/.m2/repository/org/thymeleaf/extras/thymeleaf-extras-java8time/3.0.4.RELEASE/thymeleaf-extras-java8time-3.0.4.RELEASE.jar:/home/juliarocha/.m2/repository/org/springframework/boot/spring-boot-starter-actuator/2.1.4.RELEASE/spring-boot-starter-actuator-2.1.4.RELEASE.jar:/home/juliarocha/.m2/repository/org/springframework/boot/spring-boot-actuator-autoconfigure/2.1.4.RELEASE/spring-boot-actuator-autoconfigure-2.1.4.RELEASE.jar:/home/juliarocha/.m2/repository/org/springframework/boot/spring-boot-actuator/2.1.4.RELEASE/spring-boot-actuator-2.1.4.RELEASE.jar:/home/juliarocha/.m2/repository/io/micrometer/micrometer-core/1.1.4/micrometer-core-1.1.4.jar:/home/juliarocha/.m2/repository/org/hdrhistogram/HdrHistogram/2.1.9/HdrHistogram-2.1.9.jar:/home/juliarocha/.m2/repository/org/latencyutils/LatencyUtils/2.0.3/LatencyUtils-2.0.3.jar:/home/juliarocha/.m2/repository/io/projectreactor/addons/reactor-extra/3.2.2.RELEASE/reactor-extra-3.2.2.RELEASE.jar:/home/juliarocha/.m2/repository/io/projectreactor/reactor-core/3.2.8.RELEASE/reactor-core-3.2.8.RELEASE.jar:/home/juliarocha/.m2/repository/org/reactivestreams/reactive-streams/1.0.2/reactive-streams-1.0.2.jar:/home/juliarocha/.m2/repository/de/codecentric/spring-boot-admin-server-ui/2.1.4/spring-boot-admin-server-ui-2.1.4.jar:/home/juliarocha/.m2/repository/de/codecentric/spring-boot-admin-server-cloud/2.1.4/spring-boot-admin-server-cloud-2.1.4.jar:/home/juliarocha/.m2/repository/org/springframework/boot/spring-boot-starter-test/2.1.4.RELEASE/spring-boot-starter-test-2.1.4.RELEASE.jar:/home/juliarocha/.m2/repository/org/springframework/boot/spring-boot-test/2.1.4.RELEASE/spring-boot-test-2.1.4.RELEASE.jar:/home/juliarocha/.m2/repository/org/springframework/boot/spring-boot-test-autoconfigure/2.1.4.RELEASE/spring-boot-test-autoconfigure-2.1.4.RELEASE.jar:/home/juliarocha/.m2/repository/com/jayway/jsonpath/json-path/2.4.0/json-path-2.4.0.jar:/home/juliarocha/.m2/repository/net/minidev/json-smart/2.3/json-smart-2.3.jar:/home/juliarocha/.m2/repository/net/minidev/accessors-smart/1.2/accessors-smart-1.2.jar:/home/juliarocha/.m2/repository/org/ow2/asm/asm/5.0.4/asm-5.0.4.jar:/home/juliarocha/.m2/repository/org/slf4j/slf4j-api/1.7.26/slf4j-api-1.7.26.jar:/home/juliarocha/.m2/repository/junit/junit/4.12/junit-4.12.jar:/home/juliarocha/.m2/repository/org/assertj/assertj-core/3.11.1/assertj-core-3.11.1.jar:/home/juliarocha/.m2/repository/org/mockito/mockito-core/2.23.4/mockito-core-2.23.4.jar:/home/juliarocha/.m2/repository/net/bytebuddy/byte-buddy/1.9.12/byte-buddy-1.9.12.jar:/home/juliarocha/.m2/repository/net/bytebuddy/byte-buddy-agent/1.9.12/byte-buddy-agent-1.9.12.jar:/home/juliarocha/.m2/repository/org/objenesis/objenesis/2.6/objenesis-2.6.jar:/home/juliarocha/.m2/repository/org/hamcrest/hamcrest-core/1.3/hamcrest-core-1.3.jar:/home/juliarocha/.m2/repository/org/hamcrest/hamcrest-library/1.3/hamcrest-library-1.3.jar:/home/juliarocha/.m2/repository/org/skyscreamer/jsonassert/1.5.0/jsonassert-1.5.0.jar:/home/juliarocha/.m2/repository/com/vaadin/external/google/android-json/0.0.20131108.vaadin1/android-json-0.0.20131108.vaadin1.jar:/home/juliarocha/.m2/repository/org/springframework/spring-core/5.1.6.RELEASE/spring-core-5.1.6.RELEASE.jar:/home/juliarocha/.m2/repository/org/springframework/spring-jcl/5.1.6.RELEASE/spring-jcl-5.1.6.RELEASE.jar:/home/juliarocha/.m2/repository/org/springframework/spring-test/5.1.6.RELEASE/spring-test-5.1.6.RELEASE.jar:/home/juliarocha/.m2/repository/org/xmlunit/xmlunit-core/2.6.2/xmlunit-core-2.6.2.jar:"/>
    <property name="sun.cpu.endian" value="little"/>
    <property name="user.home" value="/home/juliarocha"/>
    <property name="user.language" value="pt"/>
    <property name="java.specification.vendor" value="Oracle Corporation"/>
    <property name="java.home" value="/usr/lib/jvm/java-8-openjdk-amd64/jre"/>
    <property name="basedir" value="/home/juliarocha/cursos/api-spring-boot/spring-boot-admin"/>
    <property name="file.separator" value="/"/>
    <property name="line.separator" value="&#10;"/>
    <property name="java.vm.specification.vendor" value="Oracle Corporation"/>
    <property name="java.specification.name" value="Java Platform API Specification"/>
    <property name="java.awt.graphicsenv" value="sun.awt.X11GraphicsEnvironment"/>
    <property name="surefire.real.class.path" value="/home/juliarocha/cursos/api-spring-boot/spring-boot-admin/target/surefire/surefirebooter3283933847360973597.jar"/>
    <property name="sun.boot.class.path" value="/usr/lib/jvm/java-8-openjdk-amd64/jre/lib/resources.jar:/usr/lib/jvm/java-8-openjdk-amd64/jre/lib/rt.jar:/usr/lib/jvm/java-8-openjdk-amd64/jre/lib/sunrsasign.jar:/usr/lib/jvm/java-8-openjdk-amd64/jre/lib/jsse.jar:/usr/lib/jvm/java-8-openjdk-amd64/jre/lib/jce.jar:/usr/lib/jvm/java-8-openjdk-amd64/jre/lib/charsets.jar:/usr/lib/jvm/java-8-openjdk-amd64/jre/lib/jfr.jar:/usr/lib/jvm/java-8-openjdk-amd64/jre/classes"/>
    <property name="sun.management.compiler" value="HotSpot 64-Bit Tiered Compilers"/>
    <property name="java.runtime.version" value="1.8.0_292-8u292-b10-0ubuntu1~20.04-b10"/>
    <property name="user.name" value="CIANDT\juliarocha"/>
    <property name="path.separator" value=":"/>
    <property name="os.version" value="5.8.0-59-generic"/>
    <property name="java.endorsed.dirs" value="/usr/lib/jvm/java-8-openjdk-amd64/jre/lib/endorsed"/>
    <property name="java.runtime.name" value="OpenJDK Runtime Environment"/>
    <property name="file.encoding" value="UTF-8"/>
    <property name="java.vm.name" value="OpenJDK 64-Bit Server VM"/>
    <property name="localRepository" value="/home/juliarocha/.m2/repository"/>
    <property name="java.vendor.url.bug" value="http://bugreport.sun.com/bugreport/"/>
    <property name="java.io.tmpdir" value="/tmp"/>
    <property name="java.version" value="1.8.0_292"/>
    <property name="user.dir" value="/home/juliarocha/cursos/api-spring-boot/spring-boot-admin"/>
    <property name="os.arch" value="amd64"/>
    <property name="java.vm.specification.name" value="Java Virtual Machine Specification"/>
    <property name="java.awt.printerjob" value="sun.print.PSPrinterJob"/>
    <property name="sun.os.patch.level" value="unknown"/>
    <property name="java.library.path" value="/usr/java/packages/lib/amd64:/usr/lib/x86_64-linux-gnu/jni:/lib/x86_64-linux-gnu:/usr/lib/x86_64-linux-gnu:/usr/lib/jni:/lib:/usr/lib"/>
    <property name="java.vm.info" value="mixed mode"/>
    <property name="java.vendor" value="Private Build"/>
    <property name="java.vm.version" value="25.292-b10"/>
    <property name="java.ext.dirs" value="/usr/lib/jvm/java-8-openjdk-amd64/jre/lib/ext:/usr/java/packages/lib/ext"/>
    <property name="sun.io.unicode.encoding" value="UnicodeLittle"/>
    <property name="java.class.version" value="52.0"/>
  </properties>
  <testcase name="initializationError" classname="br.com.alura.monitoramento.MonitoramentoApplicationTests" time="0.003">
    <error message="Unable to find a @SpringBootConfiguration, you need to use @ContextConfiguration or @SpringBootTest(classes=...) with your test" type="java.lang.IllegalStateException">java.lang.IllegalStateException: Unable to find a @SpringBootConfiguration, you need to use @ContextConfiguration or @SpringBootTest(classes=...) with your test
</error>
    <system-out><![CDATA[14:06:06.177 [main] DEBUG org.springframework.test.context.junit4.SpringJUnit4ClassRunner - SpringJUnit4ClassRunner constructor called with [class br.com.alura.monitoramento.MonitoramentoApplicationTests]
14:06:06.181 [main] DEBUG org.springframework.test.context.BootstrapUtils - Instantiating CacheAwareContextLoaderDelegate from class [org.springframework.test.context.cache.DefaultCacheAwareContextLoaderDelegate]
14:06:06.187 [main] DEBUG org.springframework.test.context.BootstrapUtils - Instantiating BootstrapContext using constructor [public org.springframework.test.context.support.DefaultBootstrapContext(java.lang.Class,org.springframework.test.context.CacheAwareContextLoaderDelegate)]
14:06:06.203 [main] DEBUG org.springframework.test.context.BootstrapUtils - Instantiating TestContextBootstrapper for test class [br.com.alura.monitoramento.MonitoramentoApplicationTests] from class [org.springframework.boot.test.context.SpringBootTestContextBootstrapper]
14:06:06.212 [main] INFO org.springframework.boot.test.context.SpringBootTestContextBootstrapper - Neither @ContextConfiguration nor @ContextHierarchy found for test class [br.com.alura.monitoramento.MonitoramentoApplicationTests], using SpringBootContextLoader
14:06:06.215 [main] DEBUG org.springframework.test.context.support.AbstractContextLoader - Did not detect default resource location for test class [br.com.alura.monitoramento.MonitoramentoApplicationTests]: class path resource [br/com/alura/monitoramento/MonitoramentoApplicationTests-context.xml] does not exist
14:06:06.215 [main] DEBUG org.springframework.test.context.support.AbstractContextLoader - Did not detect default resource location for test class [br.com.alura.monitoramento.MonitoramentoApplicationTests]: class path resource [br/com/alura/monitoramento/MonitoramentoApplicationTestsContext.groovy] does not exist
14:06:06.216 [main] INFO org.springframework.test.context.support.AbstractContextLoader - Could not detect default resource locations for test class [br.com.alura.monitoramento.MonitoramentoApplicationTests]: no resource found for suffixes {-context.xml, Context.groovy}.
14:06:06.217 [main] INFO org.springframework.test.context.support.AnnotationConfigContextLoaderUtils - Could not detect default configuration classes for test class [br.com.alura.monitoramento.MonitoramentoApplicationTests]: MonitoramentoApplicationTests does not declare any static, non-private, non-final, nested classes annotated with @Configuration.
14:06:06.256 [main] DEBUG org.springframework.test.context.support.ActiveProfilesUtils - Could not find an 'annotation declaring class' for annotation type [org.springframework.test.context.ActiveProfiles] and class [br.com.alura.monitoramento.MonitoramentoApplicationTests]
]]></system-out>
  </testcase>
</testsuite>